
2016-07-18 11:36:45.96		Reading data...
2016-07-18 11:36:46.12		Training Data Count: 930
2016-07-18 11:36:46.121		Finished reading data...
2016-07-18 11:37:03.434		Randomly deciding the features to use...
2016-07-18 11:37:03.442		Reading data...
2016-07-18 11:37:03.551		Training Data Count: 930
2016-07-18 11:37:03.552		Finished reading data...
2016-07-18 11:37:03.629		Training model...
2016-07-18 11:37:04.039		Finished training model...
2016-07-18 11:37:04.04		Predicting results...
2016-07-18 11:37:32.16		Testing Data Count: 493942
2016-07-18 11:37:32.404		Randomly deciding the features to use...
2016-07-18 11:37:32.405		Reading data...
2016-07-18 11:37:32.413		Training Data Count: 930
2016-07-18 11:37:32.414		Finished reading data...
2016-07-18 11:37:32.422		Training model...
2016-07-18 11:37:32.72		Finished training model...
2016-07-18 11:37:32.721		Predicting results...
2016-07-18 11:37:43.918		Testing Data Count: 493942
2016-07-18 11:37:44.127		Randomly deciding the features to use...
2016-07-18 11:37:44.129		Reading data...
2016-07-18 11:37:44.137		Training Data Count: 930
2016-07-18 11:37:44.138		Finished reading data...
2016-07-18 11:37:44.144		Training model...
2016-07-18 11:37:44.39		Finished training model...
2016-07-18 11:37:44.391		Predicting results...
2016-07-18 11:37:56.395		Testing Data Count: 493942
2016-07-18 11:37:56.598		Randomly deciding the features to use...
2016-07-18 11:37:56.599		Reading data...
2016-07-18 11:37:56.77		Training Data Count: 930
2016-07-18 11:37:56.771		Finished reading data...
2016-07-18 11:37:56.775		Training model...
2016-07-18 11:37:56.815		Finished training model...
2016-07-18 11:37:56.816		Predicting results...
2016-07-18 11:38:09.697		Testing Data Count: 493942
2016-07-18 11:38:09.846		Randomly deciding the features to use...
2016-07-18 11:38:09.847		Reading data...
2016-07-18 11:38:09.856		Training Data Count: 930
2016-07-18 11:38:09.857		Finished reading data...
2016-07-18 11:38:09.861		Training model...
2016-07-18 11:38:10.106		Finished training model...
2016-07-18 11:38:10.108		Predicting results...
2016-07-18 11:38:26.167		Testing Data Count: 493942
2016-07-18 11:38:26.372		Randomly deciding the features to use...
2016-07-18 11:38:26.374		Reading data...
2016-07-18 11:38:26.382		Training Data Count: 930
2016-07-18 11:38:26.384		Finished reading data...
2016-07-18 11:38:26.387		Training model...
2016-07-18 11:38:26.65		Finished training model...
2016-07-18 11:38:26.652		Predicting results...
2016-07-18 11:38:34.878		Testing Data Count: 493942
2016-07-18 11:38:35.094		Randomly deciding the features to use...
2016-07-18 11:38:35.095		Reading data...
2016-07-18 11:38:35.104		Training Data Count: 930
2016-07-18 11:38:35.106		Finished reading data...
2016-07-18 11:38:35.11		Training model...
2016-07-18 11:38:35.385		Finished training model...
2016-07-18 11:38:35.386		Predicting results...
2016-07-18 11:38:50.63		Testing Data Count: 493942
2016-07-18 11:38:50.842		Randomly deciding the features to use...
2016-07-18 11:38:50.844		Reading data...
2016-07-18 11:38:50.852		Training Data Count: 930
2016-07-18 11:38:50.853		Finished reading data...
2016-07-18 11:38:50.857		Training model...
2016-07-18 11:38:51.116		Finished training model...
2016-07-18 11:38:51.118		Predicting results...
2016-07-18 11:38:57.76		Testing Data Count: 493942
2016-07-18 11:38:57.96		Randomly deciding the features to use...
2016-07-18 11:38:57.961		Reading data...
2016-07-18 11:38:57.969		Training Data Count: 930
2016-07-18 11:38:57.97		Finished reading data...
2016-07-18 11:38:57.974		Training model...
2016-07-18 11:38:58.215		Finished training model...
2016-07-18 11:38:58.217		Predicting results...
2016-07-18 11:39:12.676		Testing Data Count: 493942
2016-07-18 11:39:12.885		Randomly deciding the features to use...
2016-07-18 11:39:12.886		Reading data...
2016-07-18 11:39:12.894		Training Data Count: 930
2016-07-18 11:39:12.895		Finished reading data...
2016-07-18 11:39:12.899		Training model...
2016-07-18 11:39:13.134		Finished training model...
2016-07-18 11:39:13.135		Predicting results...
2016-07-18 11:39:19.639		Testing Data Count: 493942
2016-07-18 11:39:19.851		Dumping accuracy matrices to a file...